0 info it worked if it ends with ok
1 verbose cli [ 'C:\\Program Files (x86)\\nodejs\\\\node.exe',
1 verbose cli   'C:\\Program Files (x86)\\nodejs\\node_modules\\npm\\bin\\npm-cli.js',
1 verbose cli   'install',
1 verbose cli   'ios-sim' ]
2 info using npm@1.3.2
3 info using node@v0.10.13
4 verbose node symlink C:\Program Files (x86)\nodejs\\node.exe
5 verbose cache add [ 'ios-sim', null ]
6 verbose cache add name=undefined spec="ios-sim" args=["ios-sim",null]
7 verbose parsed url { protocol: null,
7 verbose parsed url   slashes: null,
7 verbose parsed url   auth: null,
7 verbose parsed url   host: null,
7 verbose parsed url   port: null,
7 verbose parsed url   hostname: null,
7 verbose parsed url   hash: null,
7 verbose parsed url   search: null,
7 verbose parsed url   query: null,
7 verbose parsed url   pathname: 'ios-sim',
7 verbose parsed url   path: 'ios-sim',
7 verbose parsed url   href: 'ios-sim' }
8 silly lockFile 6af69284-ios-sim ios-sim
9 verbose lock ios-sim C:\Users\doi\AppData\Roaming\npm-cache\6af69284-ios-sim.lock
10 silly lockFile 6af69284-ios-sim ios-sim
11 silly lockFile 6af69284-ios-sim ios-sim
12 verbose addNamed [ 'ios-sim', '' ]
13 verbose addNamed [ null, '*' ]
14 silly lockFile 03dce7cc-ios-sim ios-sim@
15 verbose lock ios-sim@ C:\Users\doi\AppData\Roaming\npm-cache\03dce7cc-ios-sim.lock
16 silly addNameRange { name: 'ios-sim', range: '*', hasData: false }
17 verbose url raw ios-sim
18 verbose url resolving [ 'https://registry.npmjs.org/', './ios-sim' ]
19 verbose url resolved https://registry.npmjs.org/ios-sim
20 info trying registry request attempt 1 at 16:15:16
21 verbose etag "91HIQ4PB1NF3ALRSM1TO8OLOF"
22 http GET https://registry.npmjs.org/ios-sim
23 http 304 https://registry.npmjs.org/ios-sim
24 silly registry.get cb [ 304,
24 silly registry.get   { date: 'Wed, 12 Aug 2015 09:15:09 GMT',
24 silly registry.get     via: '1.1 varnish',
24 silly registry.get     'cache-control': 'max-age=60',
24 silly registry.get     etag: '"91HIQ4PB1NF3ALRSM1TO8OLOF"',
24 silly registry.get     age: '11',
24 silly registry.get     connection: 'keep-alive',
24 silly registry.get     'x-served-by': 'cache-sin6920-SIN',
24 silly registry.get     'x-cache': 'HIT',
24 silly registry.get     'x-cache-hits': '2',
24 silly registry.get     'x-timer': 'S1439370909.794013,VS0,VE0',
24 silly registry.get     vary: 'Accept' } ]
25 verbose etag ios-sim from cache
26 silly addNameRange number 2 { name: 'ios-sim', range: '*', hasData: true }
27 silly addNameRange versions [ 'ios-sim',
27 silly addNameRange   [ '1.8.0',
27 silly addNameRange     '1.8.1',
27 silly addNameRange     '1.8.2',
27 silly addNameRange     '1.9.0',
27 silly addNameRange     '2.0.0',
27 silly addNameRange     '2.0.1',
27 silly addNameRange     '3.0.0',
27 silly addNameRange     '3.1.0',
27 silly addNameRange     '3.1.1',
27 silly addNameRange     '4.1.0',
27 silly addNameRange     '4.1.1',
27 silly addNameRange     '3.2.0' ] ]
28 verbose addNamed [ 'ios-sim', '4.1.1' ]
29 verbose addNamed [ '4.1.1', '4.1.1' ]
30 silly lockFile 3a5a13fe-ios-sim-4-1-1 ios-sim@4.1.1
31 verbose lock ios-sim@4.1.1 C:\Users\doi\AppData\Roaming\npm-cache\3a5a13fe-ios-sim-4-1-1.lock
32 silly lockFile 3a5a13fe-ios-sim-4-1-1 ios-sim@4.1.1
33 silly lockFile 3a5a13fe-ios-sim-4-1-1 ios-sim@4.1.1
34 silly lockFile 03dce7cc-ios-sim ios-sim@
35 silly lockFile 03dce7cc-ios-sim ios-sim@
36 silly resolved [ { name: 'ios-sim',
36 silly resolved     version: '4.1.1',
36 silly resolved     os: [ 'darwin' ],
36 silly resolved     preferGlobal: 'true',
36 silly resolved     description: 'launch iOS apps into the iOS Simulator from the command line (Xcode 6.0+)',
36 silly resolved     main: 'ios-sim',
36 silly resolved     repository: { type: 'git', url: 'https://github.com/phonegap/ios-sim' },
36 silly resolved     engines: { node: '>=0.10.0' },
36 silly resolved     keywords: [ 'ios-sim', 'iOS Simulator' ],
36 silly resolved     bin: { 'ios-sim': './bin/ios-sim' },
36 silly resolved     bugs: { url: 'https://github.com/phonegap/ios-sim/issues' },
36 silly resolved     author: { name: 'Shazron Abdullah' },
36 silly resolved     license: 'MIT',
36 silly resolved     dependencies: { simctl: '^0.0.6', nopt: '1.0.9', 'bplist-parser': '^0.0.6' },
36 silly resolved     readme: 'ios-sim\n=======\n\nSupports Xcode 6 only since version 3.x.\n\nThe ios-sim tool is a command-line utility that launches an iOS application on the iOS Simulator. This allows for niceties such as automated testing without having to open Xcode.\n\nFeatures\n--------\n\n* Choose the device family to simulate, i.e. iPhone or iPad. Run using "showdevicetypes" option to see available device types, and pass it in as the "devicetypeid" parameter.\n\nSee the `--help` option for more info.\n\nThe unimplemented options below are in the [backlog](https://github.com/phonegap/ios-sim/milestones/ios-sim%204.2.0)\n\nUsage\n-----\n\n```\n\n    Usage: ios-sim <command> <options> [--args ...]\n        \n    Commands:\n      showsdks                        List the available iOS SDK versions\n      showdevicetypes                 List the available device types\n      launch <application path>       Launch the application at the specified path on the iOS Simulator\n      start                           Launch iOS Simulator without an app\n\n    Options:\n      --version                       Print the version of ios-sim\n      --help                          Show this help text\n      --exit                          Exit after startup\n      --log <log file path>           The path where log of the app running in the Simulator will be redirected to\n      --devicetypeid <device type>    The id of the device type that should be simulated (Xcode6+). Use \'showdevicetypes\' to list devices.\n                                      e.g "com.apple.CoreSimulator.SimDeviceType.Resizable-iPhone6, 8.0"\n                                  \n    Removed in version 4.x:\n      --stdout <stdout file path>     The path where stdout of the simulator will be redirected to (defaults to stdout of ios-sim)\n      --stderr <stderr file path>     The path where stderr of the simulator will be redirected to (defaults to stderr of ios-sim)\n      --sdk <sdkversion>              The iOS SDK version to run the application on (defaults to the latest)\n      --family <device family>        The device type that should be simulated (defaults to `iphone\')\n      --retina                        Start a retina device\n      --tall                          In combination with --retina flag, start the tall version of the retina device (e.g. iPhone 5 (4-inch))\n      --64bit                         In combination with --retina flag and the --tall flag, start the 64bit version of the tall retina device (e.g. iPhone 5S (4-inch 64bit))\n                                    \n    Unimplemented in this version:\n      --verbose                       Set the output level to verbose\n      --timeout <seconds>             The timeout time to wait for a response from the Simulator. Default value: 30 seconds\n      --args <...>                    All following arguments will be passed on to the application\n      --env <environment file path>   A plist file containing environment key-value pairs that should be set\n      --setenv NAME=VALUE             Set an environment variable\n                                  \n```\n\nInstallation\n------------\n\nWith node.js (at least 0.10.20):\n\n    $ npm install ios-sim -g\n\nDownload an archive:\n\n    $ curl -L https://github.com/phonegap/ios-sim/zipball/4.1.1 -o ios-sim-4.1.1.zip\n    $ unzip ios-sim-4.1.1.zip\n\nOr from a git clone:\n\n    $ git clone git://github.com/phonegap/ios-sim.git\n\n\nTroubleshooting\n------------\n\nMake sure you enable Developer Mode on your machine:\n\n    $ DevToolsSecurity -enable\n\nMake sure multiple instances of launchd_sim are not running:\n\n    $ killall launchd_sim\n\nLicense\n-------\n\nThis project is available under the MIT license. See [LICENSE][license].\n\n[license]: https://github.com/phonegap/ios-sim/blob/master/LICENSE\n',
36 silly resolved     readmeFilename: 'README.md',
36 silly resolved     _id: 'ios-sim@4.1.1',
36 silly resolved     _from: 'ios-sim@' } ]
37 info install ios-sim@4.1.1 into C:\Users\doi\workspace\demoapp\platforms\android\cordova
38 info installOne ios-sim@4.1.1
39 error notsup Unsupported
39 error notsup Not compatible with your operating system or architecture: ios-sim@4.1.1
39 error notsup Valid OS:    darwin
39 error notsup Valid Arch:  any
39 error notsup Actual OS:   win32
39 error notsup Actual Arch: ia32
40 error System Windows_NT 6.2.9200
41 error command "C:\\Program Files (x86)\\nodejs\\\\node.exe" "C:\\Program Files (x86)\\nodejs\\node_modules\\npm\\bin\\npm-cli.js" "install" "ios-sim"
42 error cwd C:\Users\doi\workspace\demoapp\platforms\android\cordova
43 error node -v v0.10.13
44 error npm -v 1.3.2
45 error code EBADPLATFORM
46 verbose exit [ 1, true ]
